[debug] [2018-05-04T01:45:11.031Z] ----------------------------------------------------------------------
[debug] [2018-05-04T01:45:11.033Z] Command:       /usr/local/bin/node /usr/local/bin/firebase serve
[debug] [2018-05-04T01:45:11.033Z] CLI Version:   3.13.1
[debug] [2018-05-04T01:45:11.033Z] Platform:      darwin
[debug] [2018-05-04T01:45:11.033Z] Node Version:  v8.11.1
[debug] [2018-05-04T01:45:11.034Z] Time:          Thu May 03 2018 22:45:11 GMT-0300 (-03)
[debug] [2018-05-04T01:45:11.034Z] ----------------------------------------------------------------------
[debug] 
[debug] [2018-05-04T01:45:11.045Z] > command requires scopes: ["email","openid","https://www.googleapis.com/auth/cloudplatformprojects.readonly","https://www.googleapis.com/auth/firebase","https://www.googleapis.com/auth/cloud-platform"]
[debug] [2018-05-04T01:45:11.045Z] > authorizing via signed-in user
[debug] [2018-05-04T01:45:11.046Z] >>> HTTP REQUEST GET https://admin.firebase.com/v1/projects/fitness-app-exercises  
 Thu May 03 2018 22:45:11 GMT-0300 (-03)
[debug] [2018-05-04T01:45:11.899Z] <<< HTTP RESPONSE 200
[debug] [2018-05-04T01:45:11.899Z] >>> HTTP REQUEST GET https://admin.firebase.com/v1/database/fitness-app-exercises/tokens  
 Thu May 03 2018 22:45:11 GMT-0300 (-03)
[debug] [2018-05-04T01:45:12.601Z] <<< HTTP RESPONSE 200
[info] 
[info] === Serving from '/Users/shermammiranda/fitness-app'...
[info] 
[debug] [2018-05-04T01:45:12.603Z] >>> HTTP REQUEST GET https://cloudresourcemanager.googleapis.com/v1/projects/fitness-app-exercises  
 Thu May 03 2018 22:45:12 GMT-0300 (-03)
[debug] [2018-05-04T01:45:13.698Z] <<< HTTP RESPONSE 200
[debug] [2018-05-04T01:45:13.699Z] >>> HTTP REQUEST GET https://mobilesdk-pa.googleapis.com/v1/projects/552100236236/clients/_:getWebAppConfig  
 Thu May 03 2018 22:45:13 GMT-0300 (-03)
[debug] [2018-05-04T01:45:14.413Z] <<< HTTP RESPONSE 200
[info] i  hosting: Serving hosting files from: public
[info] ✔  hosting: Local server: http://localhost:5000

